/home/runner/work/parafields-core/parafields-core/include/parafields/covariance.hh:893: warning: Reached end of file while still inside a (nested) comment. Nesting level 1 (probable line reference: 799)
/home/runner/work/parafields-core/parafields-core/include/parafields/covariance.hh:892: warning: reached end of file while inside a 'f$' block!
The command that should end the block seems to be missing!

/home/runner/work/parafields-core/parafields-core/include/parafields/fieldtraits.hh:104: warning: no matching class member found for 
  MatrixBackendType

/home/runner/work/parafields-core/parafields-core/include/parafields/fieldtraits.hh:105: warning: no matching class member found for 
  FieldBackendType

/home/runner/work/parafields-core/parafields-core/include/parafields/fieldtraits.hh:106: warning: no matching class member found for 
  RNGBackendType

/home/runner/work/parafields-core/parafields-core/include/parafields/fieldtraits.hh:107: warning: no matching class member found for 
  MatrixBackendType

/home/runner/work/parafields-core/parafields-core/include/parafields/fieldtraits.hh:108: warning: no matching class member found for 
  FieldBackendType

/home/runner/work/parafields-core/parafields-core/include/parafields/fieldtraits.hh:109: warning: no matching class member found for 
  RNGBackendType

/home/runner/work/parafields-core/parafields-core/include/parafields/stochastic.hh:37: warning: no matching class member found for 
  IsoMatrixType

/home/runner/work/parafields-core/parafields-core/include/parafields/stochastic.hh:38: warning: no matching class member found for 
  AnisoMatrixType

/home/runner/work/parafields-core/parafields-core/include/parafields/covariance.hh:138: warning: Found unknown command '\infty'
/home/runner/work/parafields-core/parafields-core/include/parafields/covariance.hh:138: warning: Found unknown command '\infty'
/home/runner/work/parafields-core/parafields-core/include/parafields/covariance.hh:138: warning: Found unknown command '\infty'
/home/runner/work/parafields-core/parafields-core/include/parafields/covariance.hh:438: warning: Found unknown command '\nu'
/home/runner/work/parafields-core/parafields-core/include/parafields/covariance.hh:438: warning: Found unknown command '\to'
/home/runner/work/parafields-core/parafields-core/include/parafields/covariance.hh:438: warning: Found unknown command '\infty'
/home/runner/work/parafields-core/parafields-core/include/parafields/covariance.hh:439: warning: Found unknown command '\gamma'
/home/runner/work/parafields-core/parafields-core/include/parafields/covariance.hh:519: warning: Found unknown command '\nu'
/home/runner/work/parafields-core/parafields-core/include/parafields/covariance.hh:521: warning: Found unknown command '\nu'
/home/runner/work/parafields-core/parafields-core/include/parafields/covariance.hh:585: warning: Found unknown command '\nu'
/home/runner/work/parafields-core/parafields-core/include/parafields/covariance.hh:586: warning: Found unknown command '\sigma'
/home/runner/work/parafields-core/parafields-core/include/parafields/covariance.hh:586: warning: Found unknown command '\sqrt'
/home/runner/work/parafields-core/parafields-core/include/parafields/covariance.hh:586: warning: Found unknown command '\exp'
/home/runner/work/parafields-core/parafields-core/include/parafields/covariance.hh:586: warning: Found unknown command '\sqrt'
/home/runner/work/parafields-core/parafields-core/include/parafields/covariance.hh:626: warning: Found unknown command '\nu'
/home/runner/work/parafields-core/parafields-core/include/parafields/covariance.hh:627: warning: Found unknown command '\sigma'
/home/runner/work/parafields-core/parafields-core/include/parafields/covariance.hh:627: warning: Found unknown command '\sqrt'
/home/runner/work/parafields-core/parafields-core/include/parafields/covariance.hh:627: warning: Found unknown command '\frac'
/home/runner/work/parafields-core/parafields-core/include/parafields/covariance.hh:627: warning: Found unknown command '\exp'
/home/runner/work/parafields-core/parafields-core/include/parafields/covariance.hh:627: warning: Found unknown command '\sqrt'
/home/runner/work/parafields-core/parafields-core/include/parafields/covariance.hh:138: warning: Found unknown command '\infty'
/home/runner/work/parafields-core/parafields-core/include/parafields/covariance.hh:138: warning: Found unknown command '\infty'
error: Problems running latex. Check your installation or look for typos in _formulas.tex and check _formulas.log!
error: Problems running dvips. Check your installation!
/home/runner/work/parafields-core/parafields-core/include/parafields/covariance.hh:138: warning: Found unknown command '\infty'
/home/runner/work/parafields-core/parafields-core/include/parafields/covariance.hh:138: warning: Found unknown command '\infty'
/home/runner/work/parafields-core/parafields-core/include/parafields/covariance.hh:138: warning: Found unknown command '\infty'
